<?xml version="1.0" encoding="UTF-8"?>
<!-- Generated by org.testng.reporters.JUnitXMLReporter -->
<testsuite ignored="0" hostname="DESKTOP-I1470H0" failures="1" tests="5" name="Test" time="49.335" errors="0" timestamp="2024-12-31T21:04:01 IST">
  <testcase classname="TestScript.QALegendEventTest" name="verifyAddEvent" time="6.781">
    <skipped/>
  </testcase> <!-- verifyAddEvent -->
  <testcase classname="TestScript.QALegendEventTest" name="verifyAddEvent" time="6.158">
    <skipped/>
  </testcase> <!-- verifyAddEvent -->
  <testcase classname="TestScript.QALegendEventTest" name="verifyAddEvent" time="5.302">
    <skipped/>
  </testcase> <!-- verifyAddEvent -->
  <testcase classname="TestScript.QALegendEventTest" name="verifyAddEvent" time="2.064">
    <skipped/>
  </testcase> <!-- verifyAddEvent -->
  <testcase classname="TestScript.QALegendEventTest" name="verifyAddEvent" time="6.281">
    <failure type="org.openqa.selenium.ElementClickInterceptedException" message="element click intercepted: Element &amp;lt;input type=&amp;quot;text&amp;quot; name=&amp;quot;end_date&amp;quot; value=&amp;quot;&amp;quot; id=&amp;quot;end_date&amp;quot; class=&amp;quot;form-control&amp;quot; placeholder=&amp;quot;End date&amp;quot; data-rule-required=&amp;quot;1&amp;quot; data-msg-required=&amp;quot;This field is required.&amp;quot; data-rule-greaterthanorequal=&amp;quot;#start_date&amp;quot; data-msg-greaterthanorequal=&amp;quot;End date must be equal or greater than Start date.&amp;quot; aria-required=&amp;quot;true&amp;quot; data-convert-date-format=&amp;quot;1&amp;quot;&amp;gt; is not clickable at point (720, 307). Other element would receive the click: &amp;lt;th colspan=&amp;quot;5&amp;quot; class=&amp;quot;datepicker-switch&amp;quot;&amp;gt;...&amp;lt;/th&amp;gt;
  (Session info: chrome=131.0.6778.205)
Build info: version: &amp;apos;4.25.0&amp;apos;, revision: &amp;apos;8a8aea2337&amp;apos;
System info: os.name: &amp;apos;Windows 11&amp;apos;, os.arch: &amp;apos;amd64&amp;apos;, os.version: &amp;apos;10.0&amp;apos;, java.version: &amp;apos;17.0.8.1&amp;apos;
Driver info: org.openqa.selenium.chrome.ChromeDriver
Command: [e61d2f095a959a9bfa86941cdeeaf9aa, clickElement {id=f.DB914BF861D2BB6FBFE1FFB19BD943A9.d.926E08E0F06B85443B544F4CBF1D9C75.e.57}]
Capabilities {acceptInsecureCerts: false, browserName: chrome, browserVersion: 131.0.6778.205, chrome: {chromedriverVersion: 131.0.6778.204 (52183f9e99a..., userDataDir: C:\Users\user\AppData\Local...}, fedcm:accounts: true, goog:chromeOptions: {debuggerAddress: localhost:60182}, networkConnectionEnabled: false, pageLoadStrategy: normal, platformName: windows, proxy: Proxy(), se:cdp: ws://localhost:60182/devtoo..., se:cdpVersion: 131.0.6778.205, setWindowRect: true, strictFileInteractability: false, timeouts: {implicit: 0, pageLoad: 300000, script: 30000}, unhandledPromptBehavior: dismiss and notify, webauthn:extension:credBlob: true, webauthn:extension:largeBlob: true, webauthn:extension:minPinLength: true, webauthn:extension:prf: true, webauthn:virtualAuthenticators: true}
Element: [[ChromeDriver: chrome on windows (e61d2f095a959a9bfa86941cdeeaf9aa)] -&amp;gt; id: end_date]
Session ID: e61d2f095a959a9bfa86941cdeeaf9aa">
      <![CDATA[org.openqa.selenium.ElementClickInterceptedException: element click intercepted: Element <input type="text" name="end_date" value="" id="end_date" class="form-control" placeholder="End date" data-rule-required="1" data-msg-required="This field is required." data-rule-greaterthanorequal="#start_date" data-msg-greaterthanorequal="End date must be equal or greater than Start date." aria-required="true" data-convert-date-format="1"> is not clickable at point (720, 307). Other element would receive the click: <th colspan="5" class="datepicker-switch">...</th>
  (Session info: chrome=131.0.6778.205)
Build info: version: '4.25.0', revision: '8a8aea2337'
System info: os.name: 'Windows 11', os.arch: 'amd64', os.version: '10.0', java.version: '17.0.8.1'
Driver info: org.openqa.selenium.chrome.ChromeDriver
Command: [e61d2f095a959a9bfa86941cdeeaf9aa, clickElement {id=f.DB914BF861D2BB6FBFE1FFB19BD943A9.d.926E08E0F06B85443B544F4CBF1D9C75.e.57}]
Capabilities {acceptInsecureCerts: false, browserName: chrome, browserVersion: 131.0.6778.205, chrome: {chromedriverVersion: 131.0.6778.204 (52183f9e99a..., userDataDir: C:\Users\user\AppData\Local...}, fedcm:accounts: true, goog:chromeOptions: {debuggerAddress: localhost:60182}, networkConnectionEnabled: false, pageLoadStrategy: normal, platformName: windows, proxy: Proxy(), se:cdp: ws://localhost:60182/devtoo..., se:cdpVersion: 131.0.6778.205, setWindowRect: true, strictFileInteractability: false, timeouts: {implicit: 0, pageLoad: 300000, script: 30000}, unhandledPromptBehavior: dismiss and notify, webauthn:extension:credBlob: true, webauthn:extension:largeBlob: true, webauthn:extension:minPinLength: true, webauthn:extension:prf: true, webauthn:virtualAuthenticators: true}
Element: [[ChromeDriver: chrome on windows (e61d2f095a959a9bfa86941cdeeaf9aa)] -> id: end_date]
Session ID: e61d2f095a959a9bfa86941cdeeaf9aa
at org.openqa.selenium.remote.ErrorCodec.decode(ErrorCodec.java:167)
at org.openqa.selenium.remote.codec.w3c.W3CHttpResponseCodec.decode(W3CHttpResponseCodec.java:138)
at org.openqa.selenium.remote.codec.w3c.W3CHttpResponseCodec.decode(W3CHttpResponseCodec.java:50)
at org.openqa.selenium.remote.HttpCommandExecutor.execute(HttpCommandExecutor.java:190)
at org.openqa.selenium.remote.service.DriverCommandExecutor.invokeExecute(DriverCommandExecutor.java:216)
at org.openqa.selenium.remote.service.DriverCommandExecutor.execute(DriverCommandExecutor.java:174)
at org.openqa.selenium.remote.RemoteWebDriver.execute(RemoteWebDriver.java:545)
at org.openqa.selenium.remote.RemoteWebElement.execute(RemoteWebElement.java:223)
at org.openqa.selenium.remote.RemoteWebElement.click(RemoteWebElement.java:76)
at org.openqa.selenium.support.pagefactory.internal.LocatingElementHandler.invoke(LocatingElementHandler.java:51)
at jdk.proxy2/jdk.proxy2.$Proxy13.click(Unknown Source)
at Utilities.PageUtilities.clickOnElement(PageUtilities.java:29)
at Pageclasses.QALegendEventPage.addEvent(QALegendEventPage.java:58)
at TestScript.QALegendEventTest.verifyAddEvent(QALegendEventTest.java:24)
at java.base/java.util.ArrayList.forEach(ArrayList.java:1511)
... Removed 35 stack frames]]>
    </failure>
  </testcase> <!-- verifyAddEvent -->
</testsuite> <!-- Test -->
